2026-07-04 10:54:42,948 | INFO | src.data_loader | Loading dataset: ..\data\raw\customer_support_tickets.csv
2026-07-04 10:54:42,981 | INFO | src.data_loader | Dataset loaded successfully (8469 rows, 17 columns)
2026-07-04 10:54:42,982 | INFO | src.data_validator | Starting dataset validation.
2026-07-04 10:54:42,982 | ERROR | src.data_validator | Missing required columns: ['ticket_id', 'subject', 'description', 'priority', 'department']
2026-07-04 10:56:33,259 | INFO | src.data_loader | Loading dataset: ..\data\raw\customer_support_tickets.csv
2026-07-04 10:56:33,292 | INFO | src.data_loader | Dataset loaded successfully (8469 rows, 17 columns)
2026-07-04 10:56:33,293 | INFO | src.data_validator | Starting dataset validation.
2026-07-04 10:56:33,293 | ERROR | src.data_validator | Missing required columns: ['ticket_id', 'subject', 'description', 'priority', 'department']
2026-07-04 10:56:38,535 | INFO | src.data_loader | Loading dataset: ..\data\raw\customer_support_tickets.csv
2026-07-04 10:56:38,567 | INFO | src.data_loader | Dataset loaded successfully (8469 rows, 17 columns)
2026-07-04 10:56:38,567 | INFO | src.data_validator | Starting dataset validation.
2026-07-04 10:56:38,568 | ERROR | src.data_validator | Missing required columns: ['ticket_id', 'subject', 'description', 'priority', 'department']
2026-07-04 11:02:40,760 | INFO | src.data_loader | Loading dataset: ..\data\raw\customer_support_tickets.csv
2026-07-04 11:02:40,791 | INFO | src.data_loader | Dataset loaded successfully (8469 rows, 17 columns)
2026-07-04 11:02:40,792 | INFO | src.data_validator | Starting dataset validation.
2026-07-04 11:02:40,792 | ERROR | src.data_validator | Missing required columns: ['ticket_id', 'subject', 'description', 'priority', 'department']
2026-07-04 11:07:55,783 | INFO | src.data_loader | Loading dataset: ..\data\raw\customer_support_tickets.csv
2026-07-04 11:07:55,814 | INFO | src.data_loader | Dataset loaded successfully (8469 rows, 17 columns)
2026-07-04 11:07:55,815 | INFO | src.data_validator | Starting dataset validation.
2026-07-04 11:07:55,815 | ERROR | src.data_validator | Missing required columns: ['ticket_id', 'subject', 'description', 'priority', 'department']
2026-07-04 11:08:07,984 | INFO | src.data_loader | Loading dataset: ..\data\raw\customer_support_tickets.csv
2026-07-04 11:08:08,016 | INFO | src.data_loader | Dataset loaded successfully (8469 rows, 17 columns)
2026-07-04 11:08:08,016 | INFO | src.data_validator | Starting dataset validation.
2026-07-04 11:08:08,017 | ERROR | src.data_validator | Missing required columns: ['ticket_id', 'subject', 'description', 'priority', 'department']
2026-07-04 11:13:15,788 | INFO | src.data_loader | Loading dataset: ..\data\raw\customer_support_tickets.csv
2026-07-04 11:13:15,821 | INFO | src.data_loader | Dataset loaded successfully (8469 rows, 17 columns)
2026-07-04 11:17:51,717 | INFO | src.data_loader | Loading dataset: ..\data\raw\customer_support_tickets.csv
2026-07-04 11:17:51,748 | INFO | src.data_loader | Dataset loaded successfully (8469 rows, 17 columns)
2026-07-04 11:18:06,111 | INFO | src.data_loader | Loading dataset: ..\data\raw\customer_support_tickets.csv
2026-07-04 11:18:06,142 | INFO | src.data_loader | Dataset loaded successfully (8469 rows, 17 columns)
2026-07-04 11:18:06,144 | INFO | src.data_validator | Starting dataset validation.
2026-07-04 11:18:06,144 | INFO | src.data_validator | All required columns are present.
2026-07-04 11:18:06,147 | INFO | src.data_validator | No missing values found.
2026-07-04 11:18:06,148 | INFO | src.data_validator | No duplicate Ticket IDs found.
2026-07-04 11:18:06,149 | ERROR | src.data_validator | Invalid priority values: ['Critical']
2026-07-04 11:20:18,725 | INFO | src.data_loader | Loading dataset: ..\data\raw\customer_support_tickets.csv
2026-07-04 11:20:18,761 | INFO | src.data_loader | Dataset loaded successfully (8469 rows, 17 columns)
2026-07-04 11:20:18,762 | INFO | src.data_validator | Starting dataset validation.
2026-07-04 11:20:18,762 | INFO | src.data_validator | All required columns are present.
2026-07-04 11:20:18,765 | INFO | src.data_validator | No missing values found.
2026-07-04 11:20:18,765 | INFO | src.data_validator | No duplicate Ticket IDs found.
2026-07-04 11:20:18,766 | INFO | src.data_validator | Priority values are valid.
2026-07-04 11:20:18,767 | INFO | src.data_validator | Ticket types are valid.
2026-07-04 11:20:18,769 | ERROR | src.data_validator | Invalid status values: ['Pending Customer Response']
2026-07-04 11:21:05,493 | INFO | src.data_loader | Loading dataset: ..\data\raw\customer_support_tickets.csv
2026-07-04 11:21:05,526 | INFO | src.data_loader | Dataset loaded successfully (8469 rows, 17 columns)
2026-07-04 11:21:12,635 | INFO | src.data_loader | Loading dataset: ..\data\raw\customer_support_tickets.csv
2026-07-04 11:21:12,670 | INFO | src.data_loader | Dataset loaded successfully (8469 rows, 17 columns)
2026-07-04 11:21:12,672 | INFO | src.data_validator | Starting dataset validation.
2026-07-04 11:21:12,672 | INFO | src.data_validator | All required columns are present.
2026-07-04 11:21:12,675 | INFO | src.data_validator | No missing values found.
2026-07-04 11:21:12,675 | INFO | src.data_validator | No duplicate Ticket IDs found.
2026-07-04 11:21:12,676 | INFO | src.data_validator | Priority values are valid.
2026-07-04 11:21:12,677 | INFO | src.data_validator | Ticket types are valid.
2026-07-04 11:21:12,678 | ERROR | src.data_validator | Invalid status values: ['Pending Customer Response']
2026-07-04 11:22:29,707 | INFO | src.data_loader | Loading dataset: ..\data\raw\customer_support_tickets.csv
2026-07-04 11:22:29,740 | INFO | src.data_loader | Dataset loaded successfully (8469 rows, 17 columns)
2026-07-04 11:22:29,740 | INFO | src.data_validator | Starting dataset validation.
2026-07-04 11:22:29,741 | INFO | src.data_validator | All required columns are present.
2026-07-04 11:22:29,743 | INFO | src.data_validator | No missing values found.
2026-07-04 11:22:29,744 | INFO | src.data_validator | No duplicate Ticket IDs found.
2026-07-04 11:22:29,745 | INFO | src.data_validator | Priority values are valid.
2026-07-04 11:22:29,746 | INFO | src.data_validator | Ticket types are valid.
2026-07-04 11:22:29,747 | INFO | src.data_validator | Ticket status values are valid.
2026-07-04 11:22:29,748 | INFO | src.data_validator | Dataset validation completed successfully.
2026-07-04 11:24:42,122 | INFO | src.data_loader | Loading dataset: ..\data\raw\customer_support_tickets.csv
2026-07-04 11:24:42,156 | INFO | src.data_loader | Dataset loaded successfully (8469 rows, 17 columns)
2026-07-04 11:24:42,158 | INFO | src.data_validator | Starting dataset validation.
2026-07-04 11:24:42,158 | INFO | src.data_validator | All required columns are present.
2026-07-04 11:24:42,161 | INFO | src.data_validator | No missing values found.
2026-07-04 11:24:42,161 | INFO | src.data_validator | No duplicate Ticket IDs found.
2026-07-04 11:24:42,162 | INFO | src.data_validator | Priority values are valid.
2026-07-04 11:24:42,163 | INFO | src.data_validator | Ticket types are valid.
2026-07-04 11:24:42,164 | INFO | src.data_validator | Ticket status values are valid.
2026-07-04 11:24:42,164 | INFO | src.data_validator | Dataset validation completed successfully.
2026-07-04 11:41:10,957 | INFO | src.data_loader | Loading dataset: ..\data\raw\customer_support_tickets.csv
2026-07-04 11:41:10,988 | INFO | src.data_loader | Dataset loaded successfully (8469 rows, 17 columns)
2026-07-04 11:41:10,989 | INFO | src.data_validator | Starting dataset validation.
2026-07-04 11:41:10,990 | INFO | src.data_validator | All required columns are present.
2026-07-04 11:41:10,992 | INFO | src.data_validator | No missing values found.
2026-07-04 11:41:10,993 | INFO | src.data_validator | No duplicate Ticket IDs found.
2026-07-04 11:41:10,993 | INFO | src.data_validator | Priority values are valid.
2026-07-04 11:41:10,994 | INFO | src.data_validator | Ticket types are valid.
2026-07-04 11:41:10,995 | INFO | src.data_validator | Ticket status values are valid.
2026-07-04 11:41:10,996 | INFO | src.data_validator | Dataset validation completed successfully.
2026-07-04 11:41:15,203 | INFO | src.data_loader | Loading dataset: ..\data\raw\customer_support_tickets.csv
2026-07-04 11:41:15,233 | INFO | src.data_loader | Dataset loaded successfully (8469 rows, 17 columns)
2026-07-04 11:41:15,234 | INFO | src.data_validator | Starting dataset validation.
2026-07-04 11:41:15,235 | INFO | src.data_validator | All required columns are present.
2026-07-04 11:41:15,237 | INFO | src.data_validator | No missing values found.
2026-07-04 11:41:15,238 | INFO | src.data_validator | No duplicate Ticket IDs found.
2026-07-04 11:41:15,239 | INFO | src.data_validator | Priority values are valid.
2026-07-04 11:41:15,240 | INFO | src.data_validator | Ticket types are valid.
2026-07-04 11:41:15,241 | INFO | src.data_validator | Ticket status values are valid.
2026-07-04 11:41:15,241 | INFO | src.data_validator | Dataset validation completed successfully.
2026-07-04 11:41:20,748 | INFO | src.data_loader | Loading dataset: ..\data\raw\customer_support_tickets.csv
2026-07-04 11:41:20,778 | INFO | src.data_loader | Dataset loaded successfully (8469 rows, 17 columns)
2026-07-04 11:41:20,779 | INFO | src.data_validator | Starting dataset validation.
2026-07-04 11:41:20,781 | INFO | src.data_validator | All required columns are present.
2026-07-04 11:41:20,782 | INFO | src.data_validator | No missing values found.
2026-07-04 11:41:20,782 | INFO | src.data_validator | No duplicate Ticket IDs found.
2026-07-04 11:41:20,783 | INFO | src.data_validator | Priority values are valid.
2026-07-04 11:41:20,784 | INFO | src.data_validator | Ticket types are valid.
2026-07-04 11:41:20,785 | INFO | src.data_validator | Ticket status values are valid.
2026-07-04 11:41:20,785 | INFO | src.data_validator | Dataset validation completed successfully.
2026-07-04 11:42:52,793 | INFO | src.data_loader | Loading dataset: ..\data\raw\customer_support_tickets.csv
2026-07-04 11:42:52,826 | INFO | src.data_loader | Dataset loaded successfully (8469 rows, 17 columns)
2026-07-04 11:42:52,828 | INFO | src.data_validator | Starting dataset validation.
2026-07-04 11:42:52,829 | INFO | src.data_validator | All required columns are present.
2026-07-04 11:42:52,831 | INFO | src.data_validator | No missing values found.
2026-07-04 11:42:52,832 | INFO | src.data_validator | No duplicate Ticket IDs found.
2026-07-04 11:42:52,832 | INFO | src.data_validator | Priority values are valid.
2026-07-04 11:42:52,833 | INFO | src.data_validator | Ticket types are valid.
2026-07-04 11:42:52,834 | INFO | src.data_validator | Ticket status values are valid.
2026-07-04 11:42:52,835 | INFO | src.data_validator | Dataset validation completed successfully.
2026-07-04 12:23:57,936 | INFO | matplotlib.category | Using categorical units to plot a list of strings that are all parsable as floats or dates. If these strings should be plotted as numbers, cast to the appropriate data type before plotting.
2026-07-04 12:23:57,937 | INFO | matplotlib.category | Using categorical units to plot a list of strings that are all parsable as floats or dates. If these strings should be plotted as numbers, cast to the appropriate data type before plotting.
2026-07-04 12:48:22,215 | INFO | src.data_loader | Loading dataset: ..\data\raw\customer_support_tickets.csv
2026-07-04 12:48:22,251 | INFO | src.data_loader | Dataset loaded successfully (8469 rows, 17 columns)
2026-07-04 12:48:22,251 | INFO | src.data_validator | Starting dataset validation.
2026-07-04 12:48:22,252 | INFO | src.data_validator | All required columns are present.
2026-07-04 12:48:22,254 | INFO | src.data_validator | No missing values found.
2026-07-04 12:48:22,255 | INFO | src.data_validator | No duplicate Ticket IDs found.
2026-07-04 12:48:22,256 | INFO | src.data_validator | Priority values are valid.
2026-07-04 12:48:22,256 | INFO | src.data_validator | Ticket types are valid.
2026-07-04 12:48:22,257 | INFO | src.data_validator | Ticket status values are valid.
2026-07-04 12:48:22,258 | INFO | src.data_validator | Dataset validation completed successfully.
2026-07-07 14:06:02,869 | INFO | src.data_loader | Loading dataset: ..\data\raw\customer_support_tickets.csv
2026-07-07 14:06:02,908 | INFO | src.data_loader | Dataset loaded successfully (8469 rows, 17 columns)
2026-07-07 14:06:02,908 | INFO | src.data_validator | Starting dataset validation.
2026-07-07 14:06:02,910 | INFO | src.data_validator | All required columns are present.
2026-07-07 14:06:02,916 | INFO | src.data_validator | No missing values found.
2026-07-07 14:06:02,917 | INFO | src.data_validator | No duplicate Ticket IDs found.
2026-07-07 14:06:02,920 | INFO | src.data_validator | Priority values are valid.
2026-07-07 14:06:02,921 | INFO | src.data_validator | Ticket types are valid.
2026-07-07 14:06:02,922 | INFO | src.data_validator | Ticket status values are valid.
2026-07-07 14:06:02,923 | INFO | src.data_validator | Dataset validation completed successfully.
